<?xml version="1.0" encoding="UTF-8"?>
<!-- Generated by org.testng.reporters.JUnitReportReporter -->
<testsuite skipped="1" hostname="LAPTOP-KRP43V8I" name="day1.GitHubExample" tests="2" failures="0" timestamp="09 Nov 2021 12:07:01 GMT" time="3.682" errors="0">
  <testcase name="addRepository" time="3.682" classname="day1.GitHubExample"/>
  <testcase name="getAllRepo" classname="day1.GitHubExample">
    <skipped/>
  </testcase> <!-- getAllRepo -->
</testsuite> <!-- day1.GitHubExample -->
