<?xml version="1.0" encoding="UTF-8"?>
<!-- Generated by org.testng.reporters.JUnitReportReporter -->
<testsuite skipped="0" hostname="LAPTOP-KRP43V8I" name="day1.OpenWeatherAPI" tests="3" failures="0" timestamp="09 Nov 2021 07:04:48 GMT" time="3.176" errors="0">
  <testcase name="getWeatherInfo" time="2.609" classname="day1.OpenWeatherAPI"/>
  <testcase name="getWeatherInfo3" time="0.282" classname="day1.OpenWeatherAPI"/>
  <testcase name="getWeatherInfo2" time="0.285" classname="day1.OpenWeatherAPI"/>
</testsuite> <!-- day1.OpenWeatherAPI -->
