<?xml version="1.0" encoding="UTF-8"?>
<!-- Generated by org.testng.reporters.JUnitReportReporter -->
<testsuite skipped="1" hostname="LAPTOP-KRP43V8I" name="day1.PositiveTest" tests="5" failures="0" timestamp="10 Nov 2021 04:15:32 GMT" time="5.396" errors="0">
  <testcase name="updateContact" time="0.585" classname="day1.PositiveTest"/>
  <testcase name="deleteContact" time="0.472" classname="day1.PositiveTest"/>
  <testcase name="addContact" time="3.788" classname="day1.PositiveTest"/>
  <testcase name="getContact" time="0.551" classname="day1.PositiveTest"/>
  <testcase name="getAllContactList" classname="day1.PositiveTest">
    <skipped/>
  </testcase> <!-- getAllContactList -->
</testsuite> <!-- day1.PositiveTest -->
